d:\m\cpp\templatenest\templatenestdll\x64\release\templatenestdll.pch
d:\m\cpp\templatenest\templatenestdll\x64\release\vc142.pdb
d:\m\cpp\templatenest\templatenestdll\x64\release\pch.obj
d:\m\cpp\templatenest\templatenestdll\x64\release\dllmain.obj
d:\m\cpp\templatenest\templatenestdll\x64\release\connector.obj
d:\m\cpp\templatenest\templatenestdll\x64\release\templatenestclass.obj
d:\m\cpp\templatenest\x64\release\templatenestdll.dll
d:\m\cpp\templatenest\templatenestdll\x64\release\templatenestdll.ipdb
d:\m\cpp\templatenest\templatenestdll\x64\release\templatenestdll.iobj
d:\m\cpp\templatenest\x64\release\templatenestdll.pdb
d:\m\cpp\templatenest\x64\release\templatenestdll.lib
d:\m\cpp\templatenest\x64\release\templatenestdll.exp
d:\m\cpp\templatenest\templatenestdll\x64\release\templatenestdll.tlog\cl.command.1.tlog
d:\m\cpp\templatenest\templatenestdll\x64\release\templatenestdll.tlog\cl.read.1.tlog
d:\m\cpp\templatenest\templatenestdll\x64\release\templatenestdll.tlog\cl.write.1.tlog
d:\m\cpp\templatenest\templatenestdll\x64\release\templatenestdll.tlog\link.command.1.tlog
d:\m\cpp\templatenest\templatenestdll\x64\release\templatenestdll.tlog\link.delete.1.tlog
d:\m\cpp\templatenest\templatenestdll\x64\release\templatenestdll.tlog\link.read.1.tlog
d:\m\cpp\templatenest\templatenestdll\x64\release\templatenestdll.tlog\link.write.1.tlog
d:\m\cpp\templatenest\templatenestdll\x64\release\templatenestdll.tlog\templatenestdll.write.1u.tlog
