2023-12-30 11:02:36,643 - root - INFO - Created zip file at: C:\Users\18317\python\KnowledgeHub\assets\obsidian.zip
2023-12-30 14:47:29,206 - root - INFO - Created zip file at: C:\Users\18317\python\KnowledgeHub\assets\obsidian.zip
2023-12-30 16:49:02,451 - root - INFO - Created zip file at: C:\Users\18317\python\KnowledgeHub\assets\obsidian.zip
2024-01-04 20:41:26,903 - root - INFO - Found 5 commits
2024-01-04 20:41:26,903 - root - INFO - git log: [{'date': '2024-01-04', 'author': 'Atticuszz', 'message': 'reshape md_handler', 'changes': [('A', None, '.idea/GitLink.xml', None), ('M', None, '.idea/misc.xml', None), ('M', None, '.idea/ruff.xml', None), ('M', None, '.idea/useful_scripts.iml', None), ('A', None, 'README.MD', None), ('M', None, 'markdown/readme_handler.py', None), ('M', None, 'paths.py', None), ('M', None, 'poetry.lock', None), ('M', None, 'pyproject.toml', None), ('M', None, 'tests/README.md', None), ('M', None, 'tests/md_test.py', None)]}, {'date': '2023-12-31', 'author': 'Atticus Zhou', 'message': 'add markdown handle', 'changes': [('A', None, 'docx/__init__.py', None), ('A', None, 'docx/code_to_docx.py', None), ('M', None, 'main.py', None), ('A', None, 'markdown/__init__.py', None), ('A', None, 'markdown/logs/__init__.py', None), ('A', None, 'markdown/logs/config.py', None), ('A', None, 'markdown/logs/scripts.log', None), ('A', None, 'markdown/obsidian_config_zipper.py', None), ('A', None, 'markdown/readme_handler.py', None), ('A', None, 'paths.py', None), ('R', '100', 'path_translate/__init__.py', 'paths/__init__.py'), ('R', '100', 'path_translate/translater.py', 'paths/translater.py'), ('M', None, 'poetry.lock', None), ('R', '100', 'pptx_tools/__init__.py', 'pptx/__init__.py'), ('R', '100', 'pptx_tools/combine.py', 'pptx/combine.py'), ('M', None, 'pyproject.toml', None), ('A', None, 'tests/README.md', None), ('A', None, 'tests/__init__.py', None), ('A', None, 'tests/md_test.py', None)]}, {'date': '2023-12-11', 'author': 'Atticus Zhou', 'message': 'fix pptx combine.py', 'changes': [('M', None, 'poetry.lock', None), ('D', None, 'pptx/combine.py', None), ('R', '100', 'pptx/__init__.py', 'pptx_tools/__init__.py'), ('A', None, 'pptx_tools/combine.py', None), ('M', None, 'pyproject.toml', None)]}, {'date': '2023-12-11', 'author': 'Atticus Zhou', 'message': 'add pptx combine.py', 'changes': [('A', None, '.gitignore', None), ('M', None, '.idea/misc.xml', None), ('A', None, '.idea/poetry.xml', None), ('A', None, '.idea/ruff.xml', None), ('M', None, '.idea/useful_scripts.iml', None), ('A', None, 'poetry.lock', None), ('A', None, 'pptx/__init__.py', None), ('A', None, 'pptx/combine.py', None), ('M', None, 'pyproject.toml', None)]}, {'date': '2023-10-12', 'author': 'Atticuszz', 'message': 'initial commit', 'changes': [('A', None, '.idea/.gitignore', None), ('A', None, '.idea/dbnavigator.xml', None), ('A', None, '.idea/inspectionProfiles/Project_Default.xml', None), ('A', None, '.idea/inspectionProfiles/profiles_settings.xml', None), ('A', None, '.idea/misc.xml', None), ('A', None, '.idea/modules.xml', None), ('A', None, '.idea/useful_scripts.iml', None), ('A', None, '.idea/vcs.xml', None), ('A', None, 'main.py', None), ('A', None, 'path_translate/__init__.py', None), ('A', None, 'path_translate/translater.py', None), ('A', None, 'pyproject.toml', None)]}]
2024-01-04 20:41:26,907 - root - INFO - markdown content: 
2024-01-04 20:41:26,908 - root - INFO - Generated recently modified files in README.MD
2024-01-04 20:43:30,486 - root - INFO - Skipping C:\Users\18317\DevSpace\useful_scripts\.idea\GitLink.xml
2024-01-04 20:43:30,487 - root - INFO - Skipping C:\Users\18317\DevSpace\useful_scripts\.idea\misc.xml
2024-01-04 20:43:30,487 - root - INFO - Skipping C:\Users\18317\DevSpace\useful_scripts\.idea\ruff.xml
2024-01-04 20:43:30,488 - root - INFO - Skipping C:\Users\18317\DevSpace\useful_scripts\.idea\useful_scripts.iml
2024-01-04 20:43:30,488 - root - INFO - Skipping C:\Users\18317\DevSpace\useful_scripts\README.MD
2024-01-04 20:43:30,488 - root - INFO - Skipping C:\Users\18317\DevSpace\useful_scripts\markdown\readme_handler.py
2024-01-04 20:43:30,489 - root - INFO - Skipping C:\Users\18317\DevSpace\useful_scripts\paths.py
2024-01-04 20:43:30,489 - root - INFO - Skipping C:\Users\18317\DevSpace\useful_scripts\poetry.lock
2024-01-04 20:43:30,490 - root - INFO - Skipping C:\Users\18317\DevSpace\useful_scripts\pyproject.toml
2024-01-04 20:43:30,490 - root - INFO - Skipping C:\Users\18317\DevSpace\useful_scripts\tests\README.md
2024-01-04 20:43:30,490 - root - INFO - Skipping C:\Users\18317\DevSpace\useful_scripts\tests\md_test.py
2024-01-04 20:43:30,491 - root - INFO - Skipping C:\Users\18317\DevSpace\useful_scripts\docx\__init__.py
2024-01-04 20:43:30,491 - root - INFO - Skipping C:\Users\18317\DevSpace\useful_scripts\docx\code_to_docx.py
2024-01-04 20:43:30,491 - root - INFO - Skipping C:\Users\18317\DevSpace\useful_scripts\main.py
2024-01-04 20:43:30,492 - root - INFO - Skipping C:\Users\18317\DevSpace\useful_scripts\markdown\__init__.py
2024-01-04 20:43:30,492 - root - INFO - Skipping C:\Users\18317\DevSpace\useful_scripts\markdown\logs\__init__.py
2024-01-04 20:43:30,492 - root - INFO - Skipping C:\Users\18317\DevSpace\useful_scripts\markdown\logs\config.py
2024-01-04 20:43:30,492 - root - INFO - Skipping C:\Users\18317\DevSpace\useful_scripts\markdown\logs\scripts.log
2024-01-04 20:43:30,493 - root - INFO - Skipping C:\Users\18317\DevSpace\useful_scripts\markdown\obsidian_config_zipper.py
2024-01-04 20:43:30,493 - root - INFO - Skipping C:\Users\18317\DevSpace\useful_scripts\markdown\readme_handler.py
2024-01-04 20:43:30,493 - root - INFO - Skipping C:\Users\18317\DevSpace\useful_scripts\paths.py
2024-01-04 20:43:30,494 - root - INFO - Skipping C:\Users\18317\DevSpace\useful_scripts\path_translate\__init__.py
2024-01-04 20:43:30,494 - root - INFO - Skipping C:\Users\18317\DevSpace\useful_scripts\path_translate\translater.py
2024-01-04 20:43:30,495 - root - INFO - Skipping C:\Users\18317\DevSpace\useful_scripts\poetry.lock
2024-01-04 20:43:30,495 - root - INFO - Skipping C:\Users\18317\DevSpace\useful_scripts\pptx_tools\__init__.py
2024-01-04 20:43:30,496 - root - INFO - Skipping C:\Users\18317\DevSpace\useful_scripts\pptx_tools\combine.py
2024-01-04 20:43:30,496 - root - INFO - Skipping C:\Users\18317\DevSpace\useful_scripts\pyproject.toml
2024-01-04 20:43:30,496 - root - INFO - Skipping C:\Users\18317\DevSpace\useful_scripts\tests\README.md
2024-01-04 20:43:30,497 - root - INFO - Skipping C:\Users\18317\DevSpace\useful_scripts\tests\__init__.py
2024-01-04 20:43:30,497 - root - INFO - Skipping C:\Users\18317\DevSpace\useful_scripts\tests\md_test.py
2024-01-04 20:43:30,497 - root - INFO - Skipping C:\Users\18317\DevSpace\useful_scripts\poetry.lock
2024-01-04 20:43:30,497 - root - INFO - Skipping C:\Users\18317\DevSpace\useful_scripts\pptx\combine.py
2024-01-04 20:43:30,498 - root - INFO - Skipping C:\Users\18317\DevSpace\useful_scripts\pptx\__init__.py
2024-01-04 20:43:30,498 - root - INFO - Skipping C:\Users\18317\DevSpace\useful_scripts\pptx_tools\combine.py
2024-01-04 20:43:30,498 - root - INFO - Skipping C:\Users\18317\DevSpace\useful_scripts\pyproject.toml
2024-01-04 20:43:30,498 - root - INFO - Skipping C:\Users\18317\DevSpace\useful_scripts\.gitignore
2024-01-04 20:43:30,499 - root - INFO - Skipping C:\Users\18317\DevSpace\useful_scripts\.idea\misc.xml
2024-01-04 20:43:30,499 - root - INFO - Skipping C:\Users\18317\DevSpace\useful_scripts\.idea\poetry.xml
2024-01-04 20:43:30,499 - root - INFO - Skipping C:\Users\18317\DevSpace\useful_scripts\.idea\ruff.xml
2024-01-04 20:43:30,500 - root - INFO - Skipping C:\Users\18317\DevSpace\useful_scripts\.idea\useful_scripts.iml
2024-01-04 20:43:30,500 - root - INFO - Skipping C:\Users\18317\DevSpace\useful_scripts\poetry.lock
2024-01-04 20:43:30,500 - root - INFO - Skipping C:\Users\18317\DevSpace\useful_scripts\pptx\__init__.py
2024-01-04 20:43:30,500 - root - INFO - Skipping C:\Users\18317\DevSpace\useful_scripts\pptx\combine.py
2024-01-04 20:43:30,501 - root - INFO - Skipping C:\Users\18317\DevSpace\useful_scripts\pyproject.toml
2024-01-04 20:43:30,501 - root - INFO - Skipping C:\Users\18317\DevSpace\useful_scripts\.idea\.gitignore
2024-01-04 20:43:30,501 - root - INFO - Skipping C:\Users\18317\DevSpace\useful_scripts\.idea\dbnavigator.xml
2024-01-04 20:43:30,501 - root - INFO - Skipping C:\Users\18317\DevSpace\useful_scripts\.idea\inspectionProfiles\Project_Default.xml
2024-01-04 20:43:30,502 - root - INFO - Skipping C:\Users\18317\DevSpace\useful_scripts\.idea\inspectionProfiles\profiles_settings.xml
2024-01-04 20:43:30,502 - root - INFO - Skipping C:\Users\18317\DevSpace\useful_scripts\.idea\misc.xml
2024-01-04 20:43:30,502 - root - INFO - Skipping C:\Users\18317\DevSpace\useful_scripts\.idea\modules.xml
2024-01-04 20:43:30,503 - root - INFO - Skipping C:\Users\18317\DevSpace\useful_scripts\.idea\useful_scripts.iml
2024-01-04 20:43:30,503 - root - INFO - Skipping C:\Users\18317\DevSpace\useful_scripts\.idea\vcs.xml
2024-01-04 20:43:30,503 - root - INFO - Skipping C:\Users\18317\DevSpace\useful_scripts\main.py
2024-01-04 20:43:30,504 - root - INFO - Skipping C:\Users\18317\DevSpace\useful_scripts\path_translate\__init__.py
2024-01-04 20:43:30,504 - root - INFO - Skipping C:\Users\18317\DevSpace\useful_scripts\path_translate\translater.py
2024-01-04 20:43:30,504 - root - INFO - Skipping C:\Users\18317\DevSpace\useful_scripts\pyproject.toml
2024-01-04 20:44:21,606 - root - INFO - Skipping C:\Users\18317\DevSpace\useful_scripts\.idea\GitLink.xml
2024-01-04 20:44:21,606 - root - INFO - Skipping C:\Users\18317\DevSpace\useful_scripts\.idea\misc.xml
2024-01-04 20:44:21,607 - root - INFO - Skipping C:\Users\18317\DevSpace\useful_scripts\.idea\ruff.xml
2024-01-04 20:44:21,607 - root - INFO - Skipping C:\Users\18317\DevSpace\useful_scripts\.idea\useful_scripts.iml
2024-01-04 20:44:21,607 - root - INFO - Skipping C:\Users\18317\DevSpace\useful_scripts\README.MD
2024-01-04 20:44:21,608 - root - INFO - Skipping C:\Users\18317\DevSpace\useful_scripts\markdown\readme_handler.py
2024-01-04 20:44:21,608 - root - INFO - Skipping C:\Users\18317\DevSpace\useful_scripts\paths.py
2024-01-04 20:44:21,608 - root - INFO - Skipping C:\Users\18317\DevSpace\useful_scripts\poetry.lock
2024-01-04 20:44:21,608 - root - INFO - Skipping C:\Users\18317\DevSpace\useful_scripts\pyproject.toml
2024-01-04 20:44:21,609 - root - INFO - Skipping C:\Users\18317\DevSpace\useful_scripts\tests\README.md
2024-01-04 20:44:21,609 - root - INFO - Skipping C:\Users\18317\DevSpace\useful_scripts\tests\md_test.py
2024-01-04 20:44:21,609 - root - INFO - Skipping C:\Users\18317\DevSpace\useful_scripts\docx\__init__.py
2024-01-04 20:44:21,609 - root - INFO - Skipping C:\Users\18317\DevSpace\useful_scripts\docx\code_to_docx.py
2024-01-04 20:44:21,610 - root - INFO - Skipping C:\Users\18317\DevSpace\useful_scripts\main.py
2024-01-04 20:44:21,610 - root - INFO - Skipping C:\Users\18317\DevSpace\useful_scripts\markdown\__init__.py
2024-01-04 20:44:21,610 - root - INFO - Skipping C:\Users\18317\DevSpace\useful_scripts\markdown\logs\__init__.py
2024-01-04 20:44:21,610 - root - INFO - Skipping C:\Users\18317\DevSpace\useful_scripts\markdown\logs\config.py
2024-01-04 20:44:21,611 - root - INFO - Skipping C:\Users\18317\DevSpace\useful_scripts\markdown\logs\scripts.log
2024-01-04 20:44:21,611 - root - INFO - Skipping C:\Users\18317\DevSpace\useful_scripts\markdown\obsidian_config_zipper.py
2024-01-04 20:44:21,611 - root - INFO - Skipping C:\Users\18317\DevSpace\useful_scripts\markdown\readme_handler.py
2024-01-04 20:44:21,612 - root - INFO - Skipping C:\Users\18317\DevSpace\useful_scripts\paths.py
2024-01-04 20:44:21,612 - root - INFO - Skipping C:\Users\18317\DevSpace\useful_scripts\path_translate\__init__.py
2024-01-04 20:44:21,612 - root - INFO - Skipping C:\Users\18317\DevSpace\useful_scripts\path_translate\translater.py
2024-01-04 20:44:21,612 - root - INFO - Skipping C:\Users\18317\DevSpace\useful_scripts\poetry.lock
2024-01-04 20:44:21,613 - root - INFO - Skipping C:\Users\18317\DevSpace\useful_scripts\pptx_tools\__init__.py
2024-01-04 20:44:21,613 - root - INFO - Skipping C:\Users\18317\DevSpace\useful_scripts\pptx_tools\combine.py
2024-01-04 20:44:21,613 - root - INFO - Skipping C:\Users\18317\DevSpace\useful_scripts\pyproject.toml
2024-01-04 20:44:21,614 - root - INFO - Skipping C:\Users\18317\DevSpace\useful_scripts\tests\README.md
2024-01-04 20:44:21,614 - root - INFO - Skipping C:\Users\18317\DevSpace\useful_scripts\tests\__init__.py
2024-01-04 20:44:21,614 - root - INFO - Skipping C:\Users\18317\DevSpace\useful_scripts\tests\md_test.py
2024-01-04 20:44:21,614 - root - INFO - Skipping C:\Users\18317\DevSpace\useful_scripts\poetry.lock
2024-01-04 20:44:21,615 - root - INFO - Skipping C:\Users\18317\DevSpace\useful_scripts\pptx\combine.py
2024-01-04 20:44:21,615 - root - INFO - Skipping C:\Users\18317\DevSpace\useful_scripts\pptx\__init__.py
2024-01-04 20:44:21,615 - root - INFO - Skipping C:\Users\18317\DevSpace\useful_scripts\pptx_tools\combine.py
2024-01-04 20:44:21,615 - root - INFO - Skipping C:\Users\18317\DevSpace\useful_scripts\pyproject.toml
2024-01-04 20:44:21,615 - root - INFO - Skipping C:\Users\18317\DevSpace\useful_scripts\.gitignore
2024-01-04 20:44:21,616 - root - INFO - Skipping C:\Users\18317\DevSpace\useful_scripts\.idea\misc.xml
2024-01-04 20:44:21,616 - root - INFO - Skipping C:\Users\18317\DevSpace\useful_scripts\.idea\poetry.xml
2024-01-04 20:44:21,616 - root - INFO - Skipping C:\Users\18317\DevSpace\useful_scripts\.idea\ruff.xml
2024-01-04 20:44:21,617 - root - INFO - Skipping C:\Users\18317\DevSpace\useful_scripts\.idea\useful_scripts.iml
2024-01-04 20:44:21,617 - root - INFO - Skipping C:\Users\18317\DevSpace\useful_scripts\poetry.lock
2024-01-04 20:44:21,617 - root - INFO - Skipping C:\Users\18317\DevSpace\useful_scripts\pptx\__init__.py
2024-01-04 20:44:21,617 - root - INFO - Skipping C:\Users\18317\DevSpace\useful_scripts\pptx\combine.py
2024-01-04 20:44:21,618 - root - INFO - Skipping C:\Users\18317\DevSpace\useful_scripts\pyproject.toml
2024-01-04 20:44:21,618 - root - INFO - Skipping C:\Users\18317\DevSpace\useful_scripts\.idea\.gitignore
2024-01-04 20:44:21,618 - root - INFO - Skipping C:\Users\18317\DevSpace\useful_scripts\.idea\dbnavigator.xml
2024-01-04 20:44:21,619 - root - INFO - Skipping C:\Users\18317\DevSpace\useful_scripts\.idea\inspectionProfiles\Project_Default.xml
2024-01-04 20:44:21,619 - root - INFO - Skipping C:\Users\18317\DevSpace\useful_scripts\.idea\inspectionProfiles\profiles_settings.xml
2024-01-04 20:44:21,619 - root - INFO - Skipping C:\Users\18317\DevSpace\useful_scripts\.idea\misc.xml
2024-01-04 20:44:21,619 - root - INFO - Skipping C:\Users\18317\DevSpace\useful_scripts\.idea\modules.xml
2024-01-04 20:44:21,620 - root - INFO - Skipping C:\Users\18317\DevSpace\useful_scripts\.idea\useful_scripts.iml
2024-01-04 20:44:21,620 - root - INFO - Skipping C:\Users\18317\DevSpace\useful_scripts\.idea\vcs.xml
2024-01-04 20:44:21,620 - root - INFO - Skipping C:\Users\18317\DevSpace\useful_scripts\main.py
2024-01-04 20:44:21,620 - root - INFO - Skipping C:\Users\18317\DevSpace\useful_scripts\path_translate\__init__.py
2024-01-04 20:44:21,621 - root - INFO - Skipping C:\Users\18317\DevSpace\useful_scripts\path_translate\translater.py
2024-01-04 20:44:21,621 - root - INFO - Skipping C:\Users\18317\DevSpace\useful_scripts\pyproject.toml
2024-01-04 20:46:28,150 - root - INFO - target_dir: useful_scripts
2024-01-04 20:46:28,151 - root - INFO - Skipping C:\Users\18317\DevSpace\useful_scripts\.idea\GitLink.xml
2024-01-04 20:46:28,151 - root - INFO - target_dir: useful_scripts
2024-01-04 20:46:28,152 - root - INFO - Skipping C:\Users\18317\DevSpace\useful_scripts\.idea\misc.xml
2024-01-04 20:46:28,152 - root - INFO - target_dir: useful_scripts
2024-01-04 20:46:28,152 - root - INFO - Skipping C:\Users\18317\DevSpace\useful_scripts\.idea\ruff.xml
2024-01-04 20:46:28,153 - root - INFO - target_dir: useful_scripts
2024-01-04 20:46:28,153 - root - INFO - Skipping C:\Users\18317\DevSpace\useful_scripts\.idea\useful_scripts.iml
2024-01-04 20:46:28,153 - root - INFO - target_dir: useful_scripts
2024-01-04 20:46:28,153 - root - INFO - Skipping C:\Users\18317\DevSpace\useful_scripts\README.MD
2024-01-04 20:46:28,154 - root - INFO - target_dir: useful_scripts
2024-01-04 20:46:28,154 - root - INFO - Skipping C:\Users\18317\DevSpace\useful_scripts\markdown\readme_handler.py
2024-01-04 20:46:28,154 - root - INFO - target_dir: useful_scripts
2024-01-04 20:46:28,154 - root - INFO - Skipping C:\Users\18317\DevSpace\useful_scripts\paths.py
2024-01-04 20:46:28,155 - root - INFO - target_dir: useful_scripts
2024-01-04 20:46:28,155 - root - INFO - Skipping C:\Users\18317\DevSpace\useful_scripts\poetry.lock
2024-01-04 20:46:28,155 - root - INFO - target_dir: useful_scripts
2024-01-04 20:46:28,155 - root - INFO - Skipping C:\Users\18317\DevSpace\useful_scripts\pyproject.toml
2024-01-04 20:46:28,156 - root - INFO - target_dir: useful_scripts
2024-01-04 20:46:28,156 - root - INFO - Skipping C:\Users\18317\DevSpace\useful_scripts\tests\README.md
2024-01-04 20:46:28,156 - root - INFO - target_dir: useful_scripts
2024-01-04 20:46:28,157 - root - INFO - Skipping C:\Users\18317\DevSpace\useful_scripts\tests\md_test.py
2024-01-04 20:46:28,157 - root - INFO - target_dir: useful_scripts
2024-01-04 20:46:28,157 - root - INFO - Skipping C:\Users\18317\DevSpace\useful_scripts\docx\__init__.py
2024-01-04 20:46:28,157 - root - INFO - target_dir: useful_scripts
2024-01-04 20:46:28,158 - root - INFO - Skipping C:\Users\18317\DevSpace\useful_scripts\docx\code_to_docx.py
2024-01-04 20:46:28,158 - root - INFO - target_dir: useful_scripts
2024-01-04 20:46:28,158 - root - INFO - Skipping C:\Users\18317\DevSpace\useful_scripts\main.py
2024-01-04 20:46:28,158 - root - INFO - target_dir: useful_scripts
2024-01-04 20:46:28,159 - root - INFO - Skipping C:\Users\18317\DevSpace\useful_scripts\markdown\__init__.py
2024-01-04 20:46:28,159 - root - INFO - target_dir: useful_scripts
2024-01-04 20:46:28,159 - root - INFO - Skipping C:\Users\18317\DevSpace\useful_scripts\markdown\logs\__init__.py
2024-01-04 20:46:28,159 - root - INFO - target_dir: useful_scripts
2024-01-04 20:46:28,160 - root - INFO - Skipping C:\Users\18317\DevSpace\useful_scripts\markdown\logs\config.py
2024-01-04 20:46:28,160 - root - INFO - target_dir: useful_scripts
2024-01-04 20:46:28,160 - root - INFO - Skipping C:\Users\18317\DevSpace\useful_scripts\markdown\logs\scripts.log
2024-01-04 20:46:28,160 - root - INFO - target_dir: useful_scripts
2024-01-04 20:46:28,160 - root - INFO - Skipping C:\Users\18317\DevSpace\useful_scripts\markdown\obsidian_config_zipper.py
2024-01-04 20:46:28,161 - root - INFO - target_dir: useful_scripts
2024-01-04 20:46:28,161 - root - INFO - Skipping C:\Users\18317\DevSpace\useful_scripts\markdown\readme_handler.py
2024-01-04 20:46:28,161 - root - INFO - target_dir: useful_scripts
2024-01-04 20:46:28,161 - root - INFO - Skipping C:\Users\18317\DevSpace\useful_scripts\paths.py
2024-01-04 20:46:28,162 - root - INFO - target_dir: useful_scripts
2024-01-04 20:46:28,162 - root - INFO - Skipping C:\Users\18317\DevSpace\useful_scripts\path_translate\__init__.py
2024-01-04 20:46:28,162 - root - INFO - target_dir: useful_scripts
2024-01-04 20:46:28,162 - root - INFO - Skipping C:\Users\18317\DevSpace\useful_scripts\path_translate\translater.py
2024-01-04 20:46:28,163 - root - INFO - target_dir: useful_scripts
2024-01-04 20:46:28,163 - root - INFO - Skipping C:\Users\18317\DevSpace\useful_scripts\poetry.lock
2024-01-04 20:46:28,163 - root - INFO - target_dir: useful_scripts
2024-01-04 20:46:28,164 - root - INFO - Skipping C:\Users\18317\DevSpace\useful_scripts\pptx_tools\__init__.py
2024-01-04 20:46:28,164 - root - INFO - target_dir: useful_scripts
2024-01-04 20:46:28,164 - root - INFO - Skipping C:\Users\18317\DevSpace\useful_scripts\pptx_tools\combine.py
2024-01-04 20:46:28,164 - root - INFO - target_dir: useful_scripts
2024-01-04 20:46:28,165 - root - INFO - Skipping C:\Users\18317\DevSpace\useful_scripts\pyproject.toml
2024-01-04 20:46:28,165 - root - INFO - target_dir: useful_scripts
2024-01-04 20:46:28,165 - root - INFO - Skipping C:\Users\18317\DevSpace\useful_scripts\tests\README.md
2024-01-04 20:46:28,166 - root - INFO - target_dir: useful_scripts
2024-01-04 20:46:28,166 - root - INFO - Skipping C:\Users\18317\DevSpace\useful_scripts\tests\__init__.py
2024-01-04 20:46:28,166 - root - INFO - target_dir: useful_scripts
2024-01-04 20:46:28,167 - root - INFO - Skipping C:\Users\18317\DevSpace\useful_scripts\tests\md_test.py
2024-01-04 20:46:28,167 - root - INFO - target_dir: useful_scripts
2024-01-04 20:46:28,167 - root - INFO - Skipping C:\Users\18317\DevSpace\useful_scripts\poetry.lock
2024-01-04 20:46:28,167 - root - INFO - target_dir: useful_scripts
2024-01-04 20:46:28,168 - root - INFO - Skipping C:\Users\18317\DevSpace\useful_scripts\pptx\combine.py
2024-01-04 20:46:28,168 - root - INFO - target_dir: useful_scripts
2024-01-04 20:46:28,168 - root - INFO - Skipping C:\Users\18317\DevSpace\useful_scripts\pptx\__init__.py
2024-01-04 20:46:28,168 - root - INFO - target_dir: useful_scripts
2024-01-04 20:46:28,169 - root - INFO - Skipping C:\Users\18317\DevSpace\useful_scripts\pptx_tools\combine.py
2024-01-04 20:46:28,169 - root - INFO - target_dir: useful_scripts
2024-01-04 20:46:28,169 - root - INFO - Skipping C:\Users\18317\DevSpace\useful_scripts\pyproject.toml
2024-01-04 20:46:28,169 - root - INFO - target_dir: useful_scripts
2024-01-04 20:46:28,170 - root - INFO - Skipping C:\Users\18317\DevSpace\useful_scripts\.gitignore
2024-01-04 20:46:28,170 - root - INFO - target_dir: useful_scripts
2024-01-04 20:46:28,170 - root - INFO - Skipping C:\Users\18317\DevSpace\useful_scripts\.idea\misc.xml
2024-01-04 20:46:28,170 - root - INFO - target_dir: useful_scripts
2024-01-04 20:46:28,171 - root - INFO - Skipping C:\Users\18317\DevSpace\useful_scripts\.idea\poetry.xml
2024-01-04 20:46:28,171 - root - INFO - target_dir: useful_scripts
2024-01-04 20:46:28,171 - root - INFO - Skipping C:\Users\18317\DevSpace\useful_scripts\.idea\ruff.xml
2024-01-04 20:46:28,171 - root - INFO - target_dir: useful_scripts
2024-01-04 20:46:28,172 - root - INFO - Skipping C:\Users\18317\DevSpace\useful_scripts\.idea\useful_scripts.iml
2024-01-04 20:46:28,172 - root - INFO - target_dir: useful_scripts
2024-01-04 20:46:28,172 - root - INFO - Skipping C:\Users\18317\DevSpace\useful_scripts\poetry.lock
2024-01-04 20:46:28,172 - root - INFO - target_dir: useful_scripts
2024-01-04 20:46:28,173 - root - INFO - Skipping C:\Users\18317\DevSpace\useful_scripts\pptx\__init__.py
2024-01-04 20:46:28,173 - root - INFO - target_dir: useful_scripts
2024-01-04 20:46:28,173 - root - INFO - Skipping C:\Users\18317\DevSpace\useful_scripts\pptx\combine.py
2024-01-04 20:46:28,174 - root - INFO - target_dir: useful_scripts
2024-01-04 20:46:28,174 - root - INFO - Skipping C:\Users\18317\DevSpace\useful_scripts\pyproject.toml
2024-01-04 20:46:28,174 - root - INFO - target_dir: useful_scripts
2024-01-04 20:46:28,175 - root - INFO - Skipping C:\Users\18317\DevSpace\useful_scripts\.idea\.gitignore
2024-01-04 20:46:28,175 - root - INFO - target_dir: useful_scripts
2024-01-04 20:46:28,175 - root - INFO - Skipping C:\Users\18317\DevSpace\useful_scripts\.idea\dbnavigator.xml
2024-01-04 20:46:28,175 - root - INFO - target_dir: useful_scripts
2024-01-04 20:46:28,175 - root - INFO - Skipping C:\Users\18317\DevSpace\useful_scripts\.idea\inspectionProfiles\Project_Default.xml
2024-01-04 20:46:28,176 - root - INFO - target_dir: useful_scripts
2024-01-04 20:46:28,176 - root - INFO - Skipping C:\Users\18317\DevSpace\useful_scripts\.idea\inspectionProfiles\profiles_settings.xml
2024-01-04 20:46:28,176 - root - INFO - target_dir: useful_scripts
2024-01-04 20:46:28,177 - root - INFO - Skipping C:\Users\18317\DevSpace\useful_scripts\.idea\misc.xml
2024-01-04 20:46:28,177 - root - INFO - target_dir: useful_scripts
2024-01-04 20:46:28,177 - root - INFO - Skipping C:\Users\18317\DevSpace\useful_scripts\.idea\modules.xml
2024-01-04 20:46:28,177 - root - INFO - target_dir: useful_scripts
2024-01-04 20:46:28,177 - root - INFO - Skipping C:\Users\18317\DevSpace\useful_scripts\.idea\useful_scripts.iml
2024-01-04 20:46:28,178 - root - INFO - target_dir: useful_scripts
2024-01-04 20:46:28,178 - root - INFO - Skipping C:\Users\18317\DevSpace\useful_scripts\.idea\vcs.xml
2024-01-04 20:46:28,178 - root - INFO - target_dir: useful_scripts
2024-01-04 20:46:28,178 - root - INFO - Skipping C:\Users\18317\DevSpace\useful_scripts\main.py
2024-01-04 20:46:28,179 - root - INFO - target_dir: useful_scripts
2024-01-04 20:46:28,179 - root - INFO - Skipping C:\Users\18317\DevSpace\useful_scripts\path_translate\__init__.py
2024-01-04 20:46:28,179 - root - INFO - target_dir: useful_scripts
2024-01-04 20:46:28,179 - root - INFO - Skipping C:\Users\18317\DevSpace\useful_scripts\path_translate\translater.py
2024-01-04 20:46:28,180 - root - INFO - target_dir: useful_scripts
2024-01-04 20:46:28,180 - root - INFO - Skipping C:\Users\18317\DevSpace\useful_scripts\pyproject.toml
2024-01-04 20:52:24,136 - root - INFO - target_dir: useful_scripts
2024-01-04 20:52:24,137 - root - WARNING - Skipping C:\Users\18317\DevSpace\useful_scripts\.idea\git_toolbox_prj.xml for not in useful_scripts
2024-01-04 20:52:24,138 - root - WARNING - Skipping C:\Users\18317\DevSpace\useful_scripts\README.MD for not in useful_scripts
2024-01-04 20:52:24,138 - root - WARNING - Skipping C:\Users\18317\DevSpace\useful_scripts\main.py for not existing
2024-01-04 20:52:24,138 - root - WARNING - Skipping C:\Users\18317\DevSpace\useful_scripts\markdown\logs\scripts.log for not existing
2024-01-04 20:52:24,139 - root - WARNING - Skipping C:\Users\18317\DevSpace\useful_scripts\pyproject.toml for not in useful_scripts
2024-01-04 20:52:24,139 - root - WARNING - Skipping C:\Users\18317\DevSpace\useful_scripts\tests\README.md for not in useful_scripts
2024-01-04 20:52:24,140 - root - WARNING - Skipping C:\Users\18317\DevSpace\useful_scripts\tests\md_test.py for not in useful_scripts
2024-01-04 20:52:24,140 - root - WARNING - Skipping C:\Users\18317\DevSpace\useful_scripts\paths\__init__.py for not existing
2024-01-04 20:52:24,141 - root - WARNING - Skipping C:\Users\18317\DevSpace\useful_scripts\docx\__init__.py for not existing
2024-01-04 20:52:24,141 - root - WARNING - Skipping C:\Users\18317\DevSpace\useful_scripts\docx\code_to_docx.py for not existing
2024-01-04 20:52:24,141 - root - WARNING - Skipping C:\Users\18317\DevSpace\useful_scripts\markdown\__init__.py for not existing
2024-01-04 20:52:24,142 - root - WARNING - Skipping C:\Users\18317\DevSpace\useful_scripts\markdown\logs\__init__.py for not existing
2024-01-04 20:52:24,142 - root - WARNING - Skipping C:\Users\18317\DevSpace\useful_scripts\markdown\logs\config.py for not existing
2024-01-04 20:52:24,142 - root - WARNING - Skipping C:\Users\18317\DevSpace\useful_scripts\markdown\obsidian_config_zipper.py for not existing
2024-01-04 20:52:24,142 - root - WARNING - Skipping C:\Users\18317\DevSpace\useful_scripts\markdown\readme_handler.py for not existing
2024-01-04 20:52:24,143 - root - WARNING - Skipping C:\Users\18317\DevSpace\useful_scripts\pptx\__init__.py for not existing
2024-01-04 20:52:24,143 - root - WARNING - Skipping C:\Users\18317\DevSpace\useful_scripts\paths.py for not existing
2024-01-04 20:52:24,143 - root - WARNING - Skipping C:\Users\18317\DevSpace\useful_scripts\paths\translater.py for not existing
2024-01-04 20:52:24,144 - root - WARNING - Skipping C:\Users\18317\DevSpace\useful_scripts\pptx\combine.py for not existing
2024-01-04 20:52:24,144 - root - WARNING - Skipping C:\Users\18317\DevSpace\useful_scripts\.idea\GitLink.xml for not in useful_scripts
2024-01-04 20:52:24,144 - root - WARNING - Skipping C:\Users\18317\DevSpace\useful_scripts\.idea\misc.xml for not in useful_scripts
2024-01-04 20:52:24,144 - root - WARNING - Skipping C:\Users\18317\DevSpace\useful_scripts\.idea\ruff.xml for not in useful_scripts
2024-01-04 20:52:24,145 - root - WARNING - Skipping C:\Users\18317\DevSpace\useful_scripts\.idea\useful_scripts.iml for not in useful_scripts
2024-01-04 20:52:24,145 - root - WARNING - Skipping C:\Users\18317\DevSpace\useful_scripts\README.MD for not in useful_scripts
2024-01-04 20:52:24,145 - root - WARNING - Skipping C:\Users\18317\DevSpace\useful_scripts\markdown\readme_handler.py for not existing
2024-01-04 20:52:24,146 - root - WARNING - Skipping C:\Users\18317\DevSpace\useful_scripts\paths.py for not existing
2024-01-04 20:52:24,146 - root - WARNING - Skipping C:\Users\18317\DevSpace\useful_scripts\poetry.lock for not in useful_scripts
2024-01-04 20:52:24,146 - root - WARNING - Skipping C:\Users\18317\DevSpace\useful_scripts\pyproject.toml for not in useful_scripts
2024-01-04 20:52:24,147 - root - WARNING - Skipping C:\Users\18317\DevSpace\useful_scripts\tests\README.md for not in useful_scripts
2024-01-04 20:52:24,147 - root - WARNING - Skipping C:\Users\18317\DevSpace\useful_scripts\tests\md_test.py for not in useful_scripts
2024-01-04 20:52:24,147 - root - WARNING - Skipping C:\Users\18317\DevSpace\useful_scripts\docx\__init__.py for not existing
2024-01-04 20:52:24,147 - root - WARNING - Skipping C:\Users\18317\DevSpace\useful_scripts\docx\code_to_docx.py for not existing
2024-01-04 20:52:24,147 - root - WARNING - Skipping C:\Users\18317\DevSpace\useful_scripts\main.py for not existing
2024-01-04 20:52:24,148 - root - WARNING - Skipping C:\Users\18317\DevSpace\useful_scripts\markdown\__init__.py for not existing
2024-01-04 20:52:24,148 - root - WARNING - Skipping C:\Users\18317\DevSpace\useful_scripts\markdown\logs\__init__.py for not existing
2024-01-04 20:52:24,148 - root - WARNING - Skipping C:\Users\18317\DevSpace\useful_scripts\markdown\logs\config.py for not existing
2024-01-04 20:52:24,148 - root - WARNING - Skipping C:\Users\18317\DevSpace\useful_scripts\markdown\logs\scripts.log for not existing
2024-01-04 20:52:24,149 - root - WARNING - Skipping C:\Users\18317\DevSpace\useful_scripts\markdown\obsidian_config_zipper.py for not existing
2024-01-04 20:52:24,149 - root - WARNING - Skipping C:\Users\18317\DevSpace\useful_scripts\markdown\readme_handler.py for not existing
2024-01-04 20:52:24,149 - root - WARNING - Skipping C:\Users\18317\DevSpace\useful_scripts\paths.py for not existing
2024-01-04 20:52:24,149 - root - WARNING - Skipping C:\Users\18317\DevSpace\useful_scripts\path_translate\__init__.py for not existing
2024-01-04 20:52:24,150 - root - WARNING - Skipping C:\Users\18317\DevSpace\useful_scripts\path_translate\translater.py for not existing
2024-01-04 20:52:24,150 - root - WARNING - Skipping C:\Users\18317\DevSpace\useful_scripts\poetry.lock for not in useful_scripts
2024-01-04 20:52:24,150 - root - WARNING - Skipping C:\Users\18317\DevSpace\useful_scripts\pptx_tools\__init__.py for not existing
2024-01-04 20:52:24,150 - root - WARNING - Skipping C:\Users\18317\DevSpace\useful_scripts\pptx_tools\combine.py for not existing
2024-01-04 20:52:24,151 - root - WARNING - Skipping C:\Users\18317\DevSpace\useful_scripts\pyproject.toml for not in useful_scripts
2024-01-04 20:52:24,151 - root - WARNING - Skipping C:\Users\18317\DevSpace\useful_scripts\tests\README.md for not in useful_scripts
2024-01-04 20:52:24,151 - root - WARNING - Skipping C:\Users\18317\DevSpace\useful_scripts\tests\__init__.py for not in useful_scripts
2024-01-04 20:52:24,151 - root - WARNING - Skipping C:\Users\18317\DevSpace\useful_scripts\tests\md_test.py for not in useful_scripts
2024-01-04 20:52:24,152 - root - WARNING - Skipping C:\Users\18317\DevSpace\useful_scripts\poetry.lock for not in useful_scripts
2024-01-04 20:52:24,152 - root - WARNING - Skipping C:\Users\18317\DevSpace\useful_scripts\pptx\combine.py for not existing
2024-01-04 20:52:24,152 - root - WARNING - Skipping C:\Users\18317\DevSpace\useful_scripts\pptx\__init__.py for not existing
2024-01-04 20:52:24,152 - root - WARNING - Skipping C:\Users\18317\DevSpace\useful_scripts\pptx_tools\combine.py for not existing
2024-01-04 20:52:24,153 - root - WARNING - Skipping C:\Users\18317\DevSpace\useful_scripts\pyproject.toml for not in useful_scripts
2024-01-04 20:52:24,153 - root - WARNING - Skipping C:\Users\18317\DevSpace\useful_scripts\.gitignore for not in useful_scripts
2024-01-04 20:52:24,153 - root - WARNING - Skipping C:\Users\18317\DevSpace\useful_scripts\.idea\misc.xml for not in useful_scripts
2024-01-04 20:52:24,153 - root - WARNING - Skipping C:\Users\18317\DevSpace\useful_scripts\.idea\poetry.xml for not in useful_scripts
2024-01-04 20:52:24,154 - root - WARNING - Skipping C:\Users\18317\DevSpace\useful_scripts\.idea\ruff.xml for not in useful_scripts
2024-01-04 20:52:24,154 - root - WARNING - Skipping C:\Users\18317\DevSpace\useful_scripts\.idea\useful_scripts.iml for not in useful_scripts
2024-01-04 20:52:24,154 - root - WARNING - Skipping C:\Users\18317\DevSpace\useful_scripts\poetry.lock for not in useful_scripts
2024-01-04 20:52:24,155 - root - WARNING - Skipping C:\Users\18317\DevSpace\useful_scripts\pptx\__init__.py for not existing
2024-01-04 20:52:24,155 - root - WARNING - Skipping C:\Users\18317\DevSpace\useful_scripts\pptx\combine.py for not existing
2024-01-04 20:52:24,155 - root - WARNING - Skipping C:\Users\18317\DevSpace\useful_scripts\pyproject.toml for not in useful_scripts
2024-01-04 20:52:24,156 - root - WARNING - Skipping C:\Users\18317\DevSpace\useful_scripts\.idea\.gitignore for not in useful_scripts
2024-01-04 20:52:24,156 - root - WARNING - Skipping C:\Users\18317\DevSpace\useful_scripts\.idea\dbnavigator.xml for not in useful_scripts
2024-01-04 20:52:24,156 - root - WARNING - Skipping C:\Users\18317\DevSpace\useful_scripts\.idea\inspectionProfiles\Project_Default.xml for not in useful_scripts
2024-01-04 20:52:24,156 - root - WARNING - Skipping C:\Users\18317\DevSpace\useful_scripts\.idea\inspectionProfiles\profiles_settings.xml for not in useful_scripts
2024-01-04 20:52:24,157 - root - WARNING - Skipping C:\Users\18317\DevSpace\useful_scripts\.idea\misc.xml for not in useful_scripts
2024-01-04 20:52:24,157 - root - WARNING - Skipping C:\Users\18317\DevSpace\useful_scripts\.idea\modules.xml for not in useful_scripts
2024-01-04 20:52:24,157 - root - WARNING - Skipping C:\Users\18317\DevSpace\useful_scripts\.idea\useful_scripts.iml for not in useful_scripts
2024-01-04 20:52:24,157 - root - WARNING - Skipping C:\Users\18317\DevSpace\useful_scripts\.idea\vcs.xml for not in useful_scripts
2024-01-04 20:52:24,158 - root - WARNING - Skipping C:\Users\18317\DevSpace\useful_scripts\main.py for not existing
2024-01-04 20:52:24,158 - root - WARNING - Skipping C:\Users\18317\DevSpace\useful_scripts\path_translate\__init__.py for not existing
2024-01-04 20:52:24,158 - root - WARNING - Skipping C:\Users\18317\DevSpace\useful_scripts\path_translate\translater.py for not existing
2024-01-04 20:52:24,159 - root - WARNING - Skipping C:\Users\18317\DevSpace\useful_scripts\pyproject.toml for not in useful_scripts
2024-01-04 20:54:08,324 - root - INFO - target_dir: useful_scripts
2024-01-04 20:54:08,325 - root - WARNING - Skipping C:\Users\18317\DevSpace\useful_scripts\.idea\git_toolbox_prj.xml for not in useful_scripts
2024-01-04 20:54:08,326 - root - WARNING - Skipping C:\Users\18317\DevSpace\useful_scripts\README.MD for not in useful_scripts
2024-01-04 20:54:08,326 - root - WARNING - Skipping C:\Users\18317\DevSpace\useful_scripts\main.py for not in useful_scripts
2024-01-04 20:54:08,326 - root - WARNING - Skipping C:\Users\18317\DevSpace\useful_scripts\markdown\logs\scripts.log for not in useful_scripts
2024-01-04 20:54:08,327 - root - WARNING - Skipping C:\Users\18317\DevSpace\useful_scripts\pyproject.toml for not in useful_scripts
2024-01-04 20:54:08,327 - root - WARNING - Skipping C:\Users\18317\DevSpace\useful_scripts\tests\README.md for not in useful_scripts
2024-01-04 20:54:08,327 - root - WARNING - Skipping C:\Users\18317\DevSpace\useful_scripts\tests\md_test.py for not in useful_scripts
2024-01-04 20:54:08,329 - root - WARNING - Skipping C:\Users\18317\DevSpace\useful_scripts\.idea\GitLink.xml for not in useful_scripts
2024-01-04 20:54:08,330 - root - WARNING - Skipping C:\Users\18317\DevSpace\useful_scripts\.idea\misc.xml for not in useful_scripts
2024-01-04 20:54:08,330 - root - WARNING - Skipping C:\Users\18317\DevSpace\useful_scripts\.idea\ruff.xml for not in useful_scripts
2024-01-04 20:54:08,330 - root - WARNING - Skipping C:\Users\18317\DevSpace\useful_scripts\.idea\useful_scripts.iml for not in useful_scripts
2024-01-04 20:54:08,331 - root - WARNING - Skipping C:\Users\18317\DevSpace\useful_scripts\README.MD for not in useful_scripts
2024-01-04 20:54:08,331 - root - WARNING - Skipping C:\Users\18317\DevSpace\useful_scripts\markdown\readme_handler.py for not in useful_scripts
2024-01-04 20:54:08,331 - root - WARNING - Skipping C:\Users\18317\DevSpace\useful_scripts\paths.py for not in useful_scripts
2024-01-04 20:54:08,331 - root - WARNING - Skipping C:\Users\18317\DevSpace\useful_scripts\poetry.lock for not in useful_scripts
2024-01-04 20:54:08,332 - root - WARNING - Skipping C:\Users\18317\DevSpace\useful_scripts\pyproject.toml for not in useful_scripts
2024-01-04 20:54:08,332 - root - WARNING - Skipping C:\Users\18317\DevSpace\useful_scripts\tests\README.md for not in useful_scripts
2024-01-04 20:54:08,332 - root - WARNING - Skipping C:\Users\18317\DevSpace\useful_scripts\tests\md_test.py for not in useful_scripts
2024-01-04 20:54:08,333 - root - WARNING - Skipping C:\Users\18317\DevSpace\useful_scripts\docx\__init__.py for not in useful_scripts
2024-01-04 20:54:08,333 - root - WARNING - Skipping C:\Users\18317\DevSpace\useful_scripts\docx\code_to_docx.py for not in useful_scripts
2024-01-04 20:54:08,333 - root - WARNING - Skipping C:\Users\18317\DevSpace\useful_scripts\main.py for not in useful_scripts
2024-01-04 20:54:08,333 - root - WARNING - Skipping C:\Users\18317\DevSpace\useful_scripts\markdown\__init__.py for not in useful_scripts
2024-01-04 20:54:08,334 - root - WARNING - Skipping C:\Users\18317\DevSpace\useful_scripts\markdown\logs\__init__.py for not in useful_scripts
2024-01-04 20:54:08,334 - root - WARNING - Skipping C:\Users\18317\DevSpace\useful_scripts\markdown\logs\config.py for not in useful_scripts
2024-01-04 20:54:08,334 - root - WARNING - Skipping C:\Users\18317\DevSpace\useful_scripts\markdown\logs\scripts.log for not in useful_scripts
2024-01-04 20:54:08,334 - root - WARNING - Skipping C:\Users\18317\DevSpace\useful_scripts\markdown\obsidian_config_zipper.py for not in useful_scripts
2024-01-04 20:54:08,335 - root - WARNING - Skipping C:\Users\18317\DevSpace\useful_scripts\markdown\readme_handler.py for not in useful_scripts
2024-01-04 20:54:08,335 - root - WARNING - Skipping C:\Users\18317\DevSpace\useful_scripts\paths.py for not in useful_scripts
2024-01-04 20:54:08,335 - root - WARNING - Skipping paths\__init__.py for not existing
2024-01-04 20:54:08,335 - root - WARNING - Skipping paths\translater.py for not existing
2024-01-04 20:54:08,336 - root - WARNING - Skipping C:\Users\18317\DevSpace\useful_scripts\poetry.lock for not in useful_scripts
2024-01-04 20:54:08,336 - root - WARNING - Skipping pptx\__init__.py for not existing
2024-01-04 20:54:08,336 - root - WARNING - Skipping pptx\combine.py for not existing
2024-01-04 20:54:08,337 - root - WARNING - Skipping C:\Users\18317\DevSpace\useful_scripts\pyproject.toml for not in useful_scripts
2024-01-04 20:54:08,337 - root - WARNING - Skipping C:\Users\18317\DevSpace\useful_scripts\tests\README.md for not in useful_scripts
2024-01-04 20:54:08,337 - root - WARNING - Skipping C:\Users\18317\DevSpace\useful_scripts\tests\__init__.py for not in useful_scripts
2024-01-04 20:54:08,338 - root - WARNING - Skipping C:\Users\18317\DevSpace\useful_scripts\tests\md_test.py for not in useful_scripts
2024-01-04 20:54:08,338 - root - WARNING - Skipping C:\Users\18317\DevSpace\useful_scripts\poetry.lock for not in useful_scripts
2024-01-04 20:54:08,338 - root - WARNING - Skipping C:\Users\18317\DevSpace\useful_scripts\pptx\combine.py for not in useful_scripts
2024-01-04 20:54:08,338 - root - WARNING - Skipping pptx_tools\__init__.py for not existing
2024-01-04 20:54:08,339 - root - WARNING - Skipping C:\Users\18317\DevSpace\useful_scripts\pptx_tools\combine.py for not in useful_scripts
2024-01-04 20:54:08,339 - root - WARNING - Skipping C:\Users\18317\DevSpace\useful_scripts\pyproject.toml for not in useful_scripts
2024-01-04 20:54:08,339 - root - WARNING - Skipping C:\Users\18317\DevSpace\useful_scripts\.gitignore for not in useful_scripts
2024-01-04 20:54:08,340 - root - WARNING - Skipping C:\Users\18317\DevSpace\useful_scripts\.idea\misc.xml for not in useful_scripts
2024-01-04 20:54:08,340 - root - WARNING - Skipping C:\Users\18317\DevSpace\useful_scripts\.idea\poetry.xml for not in useful_scripts
2024-01-04 20:54:08,340 - root - WARNING - Skipping C:\Users\18317\DevSpace\useful_scripts\.idea\ruff.xml for not in useful_scripts
2024-01-04 20:54:08,341 - root - WARNING - Skipping C:\Users\18317\DevSpace\useful_scripts\.idea\useful_scripts.iml for not in useful_scripts
2024-01-04 20:54:08,341 - root - WARNING - Skipping C:\Users\18317\DevSpace\useful_scripts\poetry.lock for not in useful_scripts
2024-01-04 20:54:08,341 - root - WARNING - Skipping C:\Users\18317\DevSpace\useful_scripts\pptx\__init__.py for not in useful_scripts
2024-01-04 20:54:08,342 - root - WARNING - Skipping C:\Users\18317\DevSpace\useful_scripts\pptx\combine.py for not in useful_scripts
2024-01-04 20:54:08,342 - root - WARNING - Skipping C:\Users\18317\DevSpace\useful_scripts\pyproject.toml for not in useful_scripts
2024-01-04 20:54:08,343 - root - WARNING - Skipping C:\Users\18317\DevSpace\useful_scripts\.idea\.gitignore for not in useful_scripts
2024-01-04 20:54:08,343 - root - WARNING - Skipping C:\Users\18317\DevSpace\useful_scripts\.idea\dbnavigator.xml for not in useful_scripts
2024-01-04 20:54:08,343 - root - WARNING - Skipping C:\Users\18317\DevSpace\useful_scripts\.idea\inspectionProfiles\Project_Default.xml for not in useful_scripts
2024-01-04 20:54:08,344 - root - WARNING - Skipping C:\Users\18317\DevSpace\useful_scripts\.idea\inspectionProfiles\profiles_settings.xml for not in useful_scripts
2024-01-04 20:54:08,344 - root - WARNING - Skipping C:\Users\18317\DevSpace\useful_scripts\.idea\misc.xml for not in useful_scripts
2024-01-04 20:54:08,344 - root - WARNING - Skipping C:\Users\18317\DevSpace\useful_scripts\.idea\modules.xml for not in useful_scripts
2024-01-04 20:54:08,345 - root - WARNING - Skipping C:\Users\18317\DevSpace\useful_scripts\.idea\useful_scripts.iml for not in useful_scripts
2024-01-04 20:54:08,345 - root - WARNING - Skipping C:\Users\18317\DevSpace\useful_scripts\.idea\vcs.xml for not in useful_scripts
2024-01-04 20:54:08,346 - root - WARNING - Skipping C:\Users\18317\DevSpace\useful_scripts\main.py for not in useful_scripts
2024-01-04 20:54:08,346 - root - WARNING - Skipping C:\Users\18317\DevSpace\useful_scripts\path_translate\__init__.py for not in useful_scripts
2024-01-04 20:54:08,346 - root - WARNING - Skipping C:\Users\18317\DevSpace\useful_scripts\path_translate\translater.py for not in useful_scripts
2024-01-04 20:54:08,347 - root - WARNING - Skipping C:\Users\18317\DevSpace\useful_scripts\pyproject.toml for not in useful_scripts
