d:\m\cpp\templatenest\templatenestdll\debug\vc142.pdb
d:\m\cpp\templatenest\templatenestdll\debug\vc142.idb
d:\m\cpp\templatenest\templatenestdll\debug\dllmain.obj
d:\m\cpp\templatenest\templatenestdll\debug\templatenestdll.pch
d:\m\cpp\templatenest\templatenestdll\debug\pch.obj
d:\m\cpp\templatenest\templatenestdll\debug\connector.obj
d:\m\cpp\templatenest\templatenestdll\debug\templatenestclass.obj
d:\m\cpp\templatenest\debug\templatenestdll.dll
d:\m\cpp\templatenest\templatenestdll\debug\templatenestdll.ilk
d:\m\cpp\templatenest\debug\templatenestdll.pdb
d:\m\cpp\templatenest\debug\templatenestdll.lib
d:\m\cpp\templatenest\debug\templatenestdll.exp
d:\m\cpp\templatenest\templatenestdll\debug\templatenestdll.tlog\cl.command.1.tlog
d:\m\cpp\templatenest\templatenestdll\debug\templatenestdll.tlog\cl.read.1.tlog
d:\m\cpp\templatenest\templatenestdll\debug\templatenestdll.tlog\cl.write.1.tlog
d:\m\cpp\templatenest\templatenestdll\debug\templatenestdll.tlog\link.13316.delete.1.tlog
d:\m\cpp\templatenest\templatenestdll\debug\templatenestdll.tlog\link.28132.delete.1.tlog
d:\m\cpp\templatenest\templatenestdll\debug\templatenestdll.tlog\link.command.1.tlog
d:\m\cpp\templatenest\templatenestdll\debug\templatenestdll.tlog\link.read.1.tlog
d:\m\cpp\templatenest\templatenestdll\debug\templatenestdll.tlog\link.write.1.tlog
d:\m\cpp\templatenest\templatenestdll\debug\templatenestdll.tlog\templatenestdll.write.1u.tlog
